{
  "stats": {
    "suites": 2,
    "tests": 1,
    "passes": 1,
    "pending": 0,
    "failures": 0,
    "start": "2025-04-14T18:50:43.741Z",
    "end": "2025-04-14T18:50:45.599Z",
    "duration": 1858,
    "testsRegistered": 1,
    "passPercent": 100,
    "pendingPercent": 0,
    "other": 0,
    "hasOther": false,
    "skipped": 0,
    "hasSkipped": false
  },
  "results": [
    {
      "uuid": "e36e7e2f-d880-443f-bec8-0af4fe4f6c65",
      "title": "",
      "fullFile": "cypress/e2e/profile/profile-edit.cy.ts",
      "file": "cypress/e2e/profile/profile-edit.cy.ts",
      "beforeHooks": [],
      "afterHooks": [],
      "tests": [],
      "suites": [
        {
          "uuid": "730cb59f-d3b2-4622-9802-66ea66c58728",
          "title": "Форма профиля",
          "fullFile": "",
          "file": "",
          "beforeHooks": [],
          "afterHooks": [],
          "tests": [],
          "suites": [
            {
              "uuid": "9937b05b-74ea-474e-9c3f-1371683e379e",
              "title": "Пользователь авторизован как админ",
              "fullFile": "",
              "file": "",
              "beforeHooks": [],
              "afterHooks": [],
              "tests": [
                {
                  "title": "Форма редактируется",
                  "fullTitle": "Форма профиля Пользователь авторизован как админ Форма редактируется",
                  "timedOut": null,
                  "duration": 1824,
                  "state": "passed",
                  "speed": "fast",
                  "pass": true,
                  "fail": false,
                  "pending": false,
                  "context": null,
                  "code": "cy.updateProfile('Jack', 'Smith');\ncy.getByTestId('EditableProfileCard.Name').should('contain.value', 'Jack');\ncy.getByTestId('EditableProfileCard.Surname').should('contain.value', 'Smith');",
                  "err": {},
                  "uuid": "3f47c152-0996-4f8d-9cfe-9d7e047df089",
                  "parentUUID": "9937b05b-74ea-474e-9c3f-1371683e379e",
                  "isHook": false,
                  "skipped": false
                }
              ],
              "suites": [],
              "passes": [
                "3f47c152-0996-4f8d-9cfe-9d7e047df089"
              ],
              "failures": [],
              "pending": [],
              "skipped": [],
              "duration": 1824,
              "root": false,
              "rootEmpty": false,
              "_timeout": 2000
            }
          ],
          "passes": [],
          "failures": [],
          "pending": [],
          "skipped": [],
          "duration": 0,
          "root": false,
          "rootEmpty": false,
          "_timeout": 2000
        }
      ],
      "passes": [],
      "failures": [],
      "pending": [],
      "skipped": [],
      "duration": 0,
      "root": true,
      "rootEmpty": true,
      "_timeout": 2000
    }
  ],
  "meta": {
    "mocha": {
      "version": "7.0.1"
    },
    "mochawesome": {
      "options": {
        "quiet": false,
        "reportFilename": "mochawesome",
        "saveHtml": true,
        "saveJson": true,
        "consoleReporter": "spec",
        "useInlineDiffs": false,
        "code": true
      },
      "version": "7.1.3"
    },
    "marge": {
      "options": {
        "reportDir": "reports/cypress",
        "overwrite": true,
        "html": true
      },
      "version": "6.2.0"
    }
  }
}